This is XeTeX, Version 3.1415926-2.3-0.9997.5 (MiKTeX 2.9 64-bit) (preloaded format=xelatex 2015.11.4)  15 SEP 2016 20:24
entering extended mode
**Portfolio.tex

("D:\Research\Research\Research documents\Fuzzy Expert System for Portfolio\Usi
ng DS Theory\Fuzzy DS Theory\World Scientific Journals\IJUFKS\Portfolio.tex"
LaTeX2e <2011/06/27>
Babel <v3.8m> and hyphenation patterns for english, afrikaans, ancientgreek, ar
abic, armenian, assamese, basque, bengali, bokmal, bulgarian, catalan, coptic, 
croatian, czech, danish, dutch, esperanto, estonian, farsi, finnish, french, ga
lician, german, german-x-2009-06-19, greek, gujarati, hindi, hungarian, iceland
ic, indonesian, interlingua, irish, italian, kannada, kurmanji, lao, latin, lat
vian, lithuanian, malayalam, marathi, mongolian, mongolianlmc, monogreek, ngerm
an, ngerman-x-2009-06-19, nynorsk, oriya, panjabi, pinyin, polish, portuguese, 
romanian, russian, sanskrit, serbian, slovak, slovenian, spanish, swedish, swis
sgerman, tamil, telugu, turkish, turkmen, ukenglish, ukrainian, uppersorbian, u
senglishmax, welsh, loaded.
("C:\Program Files\MiKTeX 2.9\tex\latex\elsarticle\elsarticle.cls"
Document Class: elsarticle 2009/09/17, 1.20b: Elsevier Ltd
\@bls=\dimen102
("C:\Program Files\MiKTeX 2.9\tex\latex\base\article.cls"
Document Class: article 2007/10/19 v1.4h Standard LaTeX document class
("C:\Program Files\MiKTeX 2.9\tex\latex\base\size10.clo"
File: size10.clo 2007/10/19 v1.4h Standard LaTeX file (size option)
)
\c@part=\count80
\c@section=\count81
\c@subsection=\count82
\c@subsubsection=\count83
\c@paragraph=\count84
\c@subparagraph=\count85
\c@figure=\count86
\c@table=\count87
\abovecaptionskip=\skip41
\belowcaptionskip=\skip42
\bibindent=\dimen103
)
("C:\Program Files\MiKTeX 2.9\tex\latex\graphics\graphicx.sty"
Package: graphicx 1999/02/16 v1.0f Enhanced LaTeX Graphics (DPC,SPQR)

("C:\Program Files\MiKTeX 2.9\tex\latex\graphics\keyval.sty"
Package: keyval 1999/03/16 v1.13 key=value parser (DPC)
\KV@toks@=\toks14
)
("C:\Program Files\MiKTeX 2.9\tex\latex\graphics\graphics.sty"
Package: graphics 2009/02/05 v1.0o Standard LaTeX Graphics (DPC,SPQR)

("C:\Program Files\MiKTeX 2.9\tex\latex\graphics\trig.sty"
Package: trig 1999/03/16 v1.09 sin cos tan (DPC)
)
("C:\Program Files\MiKTeX 2.9\tex\latex\00miktex\graphics.cfg"
File: graphics.cfg 2007/01/18 v1.5 graphics configuration of teTeX/TeXLive
)
Package graphics Info: Driver file: xetex.def on input line 91.

("C:\Program Files\MiKTeX 2.9\tex\xelatex\xetex-def\xetex.def"
File: xetex.def 2009/11/22 v0.94 LaTeX color/graphics driver for XeTeX (RRM/JK)

))
\Gin@req@height=\dimen104
\Gin@req@width=\dimen105
)
("C:\Program Files\MiKTeX 2.9\tex\latex\psnfss\pifont.sty"
Package: pifont 2005/04/12 PSNFSS-v9.2a Pi font support (SPQR) 
LaTeX Font Info:    Try loading font information for U+pzd on input line 63.

("C:\Program Files\MiKTeX 2.9\tex\latex\psnfss\upzd.fd"
File: upzd.fd 2001/06/04 font definitions for U/pzd.
)
Requested font "pzdr" at 10.0pt
 -> pzdr
LaTeX Font Info:    Try loading font information for U+psy on input line 64.

("C:\Program Files\MiKTeX 2.9\tex\latex\psnfss\upsy.fd"
File: upsy.fd 2001/06/04 font definitions for U/psy.
)
Requested font "psyr" at 10.0pt
 -> psyr
)
\c@tnote=\count88
\c@fnote=\count89
\c@cnote=\count90
\c@ead=\count91
\c@author=\count92
\@eadauthor=\toks15
\c@affn=\count93
\absbox=\box26
\keybox=\box27
\Columnwidth=\dimen106
\space@left=\dimen107
\els@boxa=\box28
\els@boxb=\box29
\leftMargin=\dimen108
\@enLab=\toks16
\@sep=\skip43
\@@sep=\skip44

("C:\Program Files\MiKTeX 2.9\tex\latex\natbib\natbib.sty"
Package: natbib 2010/09/13 8.31b (PWD, AO)
\bibhang=\skip45
\bibsep=\skip46
LaTeX Info: Redefining \cite on input line 694.
\c@NAT@ctr=\count94
)
\splwrite=\write3
\appnamewidth=\dimen109
)
("C:\Program Files\MiKTeX 2.9\tex\latex\titlesec\titlesec.sty"
Package: titlesec 2011/12/15 v2.10.0 Sectioning titles
\ttl@box=\box30
\beforetitleunit=\skip47
\aftertitleunit=\skip48
\ttl@plus=\dimen110
\ttl@minus=\dimen111
\ttl@toksa=\toks17
\titlewidth=\dimen112
\titlewidthlast=\dimen113
\titlewidthfirst=\dimen114


Package titlesec Warning: Non standard sectioning command detected
(titlesec)                Using default spacing and no format.

) ("C:\Program Files\MiKTeX 2.9\tex\latex\ams\classes\amsthm.sty"
Package: amsthm 2004/08/06 v2.20
\thm@style=\toks18
\thm@bodyfont=\toks19
\thm@headfont=\toks20
\thm@notefont=\toks21
\thm@headpunct=\toks22
\thm@preskip=\skip49
\thm@postskip=\skip50
\thm@headsep=\skip51
\dth@everypar=\toks23
LaTeX Info: Redefining \qed on input line 283.
)
("C:\Program Files\MiKTeX 2.9\tex\latex\amsfonts\amssymb.sty"
Package: amssymb 2009/06/22 v3.00

("C:\Program Files\MiKTeX 2.9\tex\latex\amsfonts\amsfonts.sty"
Package: amsfonts 2009/06/22 v3.00 Basic AMSFonts support
\@emptytoks=\toks24
\symAMSa=\mathgroup4
\symAMSb=\mathgroup5
LaTeX Font Info:    Overwriting math alphabet `\mathfrak' in version `bold'
(Font)                  U/euf/m/n --> U/euf/b/n on input line 96.
))
("C:\Program Files\MiKTeX 2.9\tex\latex\mh\mathtools.sty"
Package: mathtools 2012/04/24 v1.12 mathematical typesetting tools

("C:\Program Files\MiKTeX 2.9\tex\latex\tools\calc.sty"
Package: calc 2007/08/22 v4.3 Infix arithmetic (KKT,FJ)
\calc@Acount=\count95
\calc@Bcount=\count96
\calc@Adimen=\dimen115
\calc@Bdimen=\dimen116
\calc@Askip=\skip52
\calc@Bskip=\skip53
LaTeX Info: Redefining \setlength on input line 76.
LaTeX Info: Redefining \addtolength on input line 77.
\calc@Ccount=\count97
\calc@Cskip=\skip54
)
("C:\Program Files\MiKTeX 2.9\tex\latex\mh\mhsetup.sty"
Package: mhsetup 2010/01/21 v1.2a programming setup (MH)
)
("C:\Program Files\MiKTeX 2.9\tex\latex\ams\math\amsmath.sty"
Package: amsmath 2000/07/18 v2.13 AMS math features
\@mathmargin=\skip55

For additional information on amsmath, use the `?' option.
("C:\Program Files\MiKTeX 2.9\tex\latex\ams\math\amstext.sty"
Package: amstext 2000/06/29 v2.01

("C:\Program Files\MiKTeX 2.9\tex\latex\ams\math\amsgen.sty"
File: amsgen.sty 1999/11/30 v2.0
\@emptytoks=\toks25
\ex@=\dimen117
))
("C:\Program Files\MiKTeX 2.9\tex\latex\ams\math\amsbsy.sty"
Package: amsbsy 1999/11/29 v1.2d
\pmbraise@=\dimen118
)
("C:\Program Files\MiKTeX 2.9\tex\latex\ams\math\amsopn.sty"
Package: amsopn 1999/12/14 v2.01 operator names
)
\inf@bad=\count98
LaTeX Info: Redefining \frac on input line 211.
\uproot@=\count99
\leftroot@=\count100
LaTeX Info: Redefining \overline on input line 307.
\classnum@=\count101
\DOTSCASE@=\count102
LaTeX Info: Redefining \ldots on input line 379.
LaTeX Info: Redefining \dots on input line 382.
LaTeX Info: Redefining \cdots on input line 467.
\Mathstrutbox@=\box31
\strutbox@=\box32
\big@size=\dimen119
LaTeX Font Info:    Redeclaring font encoding OML on input line 567.
LaTeX Font Info:    Redeclaring font encoding OMS on input line 568.
\macc@depth=\count103
\c@MaxMatrixCols=\count104
\dotsspace@=\muskip10
\c@parentequation=\count105
\dspbrk@lvl=\count106
\tag@help=\toks26
\row@=\count107
\column@=\count108
\maxfields@=\count109
\andhelp@=\toks27
\eqnshift@=\dimen120
\alignsep@=\dimen121
\tagshift@=\dimen122
\tagwidth@=\dimen123
\totwidth@=\dimen124
\lineht@=\dimen125
\@envbody=\toks28
\multlinegap=\skip56
\multlinetaggap=\skip57
\mathdisplay@stack=\toks29
LaTeX Info: Redefining \[ on input line 2666.
LaTeX Info: Redefining \] on input line 2667.
)
\g_MT_multlinerow_int=\count110
\l_MT_multwidth_dim=\dimen126
\origjot=\skip58
\l_MT_shortvdotswithinadjustabove_dim=\dimen127
\l_MT_shortvdotswithinadjustbelow_dim=\dimen128
\l_MT_above_intertext_dim=\dimen129
\l_MT_below_intertext_dim=\dimen130
\l_MT_above_shortintertext_dim=\dimen131
\l_MT_below_shortintertext_dim=\dimen132
)
("C:\Program Files\MiKTeX 2.9\tex\latex\booktabs\booktabs.sty"
Package: booktabs 2005/04/14 v1.61803 publication quality tables
\heavyrulewidth=\dimen133
\lightrulewidth=\dimen134
\cmidrulewidth=\dimen135
\belowrulesep=\dimen136
\belowbottomsep=\dimen137
\aboverulesep=\dimen138
\abovetopsep=\dimen139
\cmidrulesep=\dimen140
\cmidrulekern=\dimen141
\defaultaddspace=\dimen142
\@cmidla=\count111
\@cmidlb=\count112
\@aboverulesep=\dimen143
\@belowrulesep=\dimen144
\@thisruleclass=\count113
\@lastruleclass=\count114
\@thisrulewidth=\dimen145
)
("C:\Program Files\MiKTeX 2.9\tex\latex\tools\array.sty"
Package: array 2008/09/09 v2.4c Tabular extension package (FMi)
\col@sep=\dimen146
\extrarowheight=\dimen147
\NC@list=\toks30
\extratabsurround=\skip59
\backup@length=\skip60
)
("C:\Program Files\MiKTeX 2.9\tex\latex\multirow\multirow.sty"
\bigstrutjot=\dimen148
)
("C:\Program Files\MiKTeX 2.9\tex\latex\tools\enumerate.sty"
Package: enumerate 1999/03/05 v3.00 enumerate extensions (DPC)
\@enLab=\toks31
)
("C:\Program Files\MiKTeX 2.9\tex\latex\placeins\placeins.sty"
Package: placeins 2005/04/18  v 2.2
)
("C:\Program Files\MiKTeX 2.9\tex\latex\ltxmisc\varwidth.sty"
Package: varwidth 2009/03/30 ver 0.92;  Variable-width minipages
\@vwid@box=\box33
\sift@deathcycles=\count115
\@vwid@loff=\dimen149
\@vwid@roff=\dimen150
)
("C:\Program Files\MiKTeX 2.9\tex\latex\soul\soul.sty"
Package: soul 2003/11/17 v2.4 letterspacing/underlining (mf)
Requested font "ectt1000" scaled 1000
 -> ectt1000
\SOUL@word=\toks32
\SOUL@lasttoken=\toks33
\SOUL@cmds=\toks34
\SOUL@buffer=\toks35
\SOUL@token=\toks36
\SOUL@spaceskip=\skip61
\SOUL@ttwidth=\dimen151
\SOUL@uldp=\dimen152
\SOUL@ulht=\dimen153
)
("C:\Program Files\MiKTeX 2.9\tex\latex\undertilde\undertilde.sty"
Package: undertilde 2000/08/08 v1.0 Tilde under a math object
\knuthian@fdfive=\skip62
)
No file Portfolio.aux.
LaTeX Font Info:    Checking defaults for OML/cmm/m/it on input line 22.
LaTeX Font Info:    ... okay on input line 22.
LaTeX Font Info:    Checking defaults for T1/cmr/m/n on input line 22.
LaTeX Font Info:    ... okay on input line 22.
LaTeX Font Info:    Checking defaults for OT1/cmr/m/n on input line 22.
LaTeX Font Info:    ... okay on input line 22.
LaTeX Font Info:    Checking defaults for OMS/cmsy/m/n on input line 22.
LaTeX Font Info:    ... okay on input line 22.
LaTeX Font Info:    Checking defaults for OMX/cmex/m/n on input line 22.
LaTeX Font Info:    ... okay on input line 22.
LaTeX Font Info:    Checking defaults for U/cmr/m/n on input line 22.
LaTeX Font Info:    ... okay on input line 22.
Requested font "cmbx10" at 10.0pt
 -> cmbx10
Requested font "cmti10" at 10.0pt
 -> cmti10
Requested font "cmr12" at 14.4pt
 -> cmr12
Requested font "cmex7" at 7.0pt
 -> cmex7
Requested font "cmex7" at 5.0pt
 -> cmex7
LaTeX Font Info:    Try loading font information for U+msa on input line 55.
("C:\Program Files\MiKTeX 2.9\tex\latex\amsfonts\umsa.fd"
File: umsa.fd 2009/06/22 v3.00 AMS symbols A
)
Requested font "msam10" at 10.0pt
 -> msam10
Requested font "msam7" at 7.0pt
 -> msam7
Requested font "msam5" at 5.0pt
 -> msam5
LaTeX Font Info:    Try loading font information for U+msb on input line 55.

("C:\Program Files\MiKTeX 2.9\tex\latex\amsfonts\umsb.fd"
File: umsb.fd 2009/06/22 v3.00 AMS symbols B
)
Requested font "msbm10" at 10.0pt
 -> msbm10
Requested font "msbm7" at 7.0pt
 -> msbm7
Requested font "msbm5" at 5.0pt
 -> msbm5
Requested font "cmr8" at 8.0pt
 -> cmr8
Requested font "cmti8" at 8.0pt
 -> cmti8
Requested font "cmr6" at 6.0pt
 -> cmr6
Requested font "cmmi8" at 8.0pt
 -> cmmi8
Requested font "cmmi6" at 6.0pt
 -> cmmi6
Requested font "cmsy8" at 8.0pt
 -> cmsy8
Requested font "cmsy6" at 6.0pt
 -> cmsy6
Requested font "cmex8" at 8.0pt
 -> cmex8
Requested font "cmex7" at 6.0pt
 -> cmex7
Requested font "msam10" at 8.0pt
 -> msam10
Requested font "msam7" at 6.0pt
 -> msam7
Requested font "msbm10" at 8.0pt
 -> msbm10
Requested font "msbm7" at 6.0pt
 -> msbm7
Requested font "cmti7" at 6.0pt
 -> cmti7


Package natbib Warning: Citation `Markowitz1952' on page 1 undefined on input l
ine 68.


Package natbib Warning: Citation `Markowitz1952' on page 1 undefined on input l
ine 73.


Package natbib Warning: Citation `Zhou2000' on page 1 undefined on input line 7
5.


Package natbib Warning: Citation `Fang2006' on page 1 undefined on input line 7
5.


Package natbib Warning: Citation `Ogryczak2000' on page 1 undefined on input li
ne 75.


Package natbib Warning: Citation `Huang2008' on page 1 undefined on input line 
75.


Package natbib Warning: Citation `Grossman1980' on page 1 undefined on input li
ne 79.


Package natbib Warning: Citation `Xidonas2009' on page 1 undefined on input lin
e 81.

[1


]

Package natbib Warning: Citation `Xidonas2011' on page 2 undefined on input lin
e 86.


Package natbib Warning: Citation `Edwards2007' on page 2 undefined on input lin
e 86.


Package natbib Warning: Citation `Abdollahzadeh2002' on page 2 undefined on inp
ut line 86.


Package natbib Warning: Citation `Siskos1989' on page 2 undefined on input line
 86.


Package natbib Warning: Citation `Adebiyi2012ANN' on page 2 undefined on input 
line 86.


Package natbib Warning: Citation `Fernandez2007ANN' on page 2 undefined on inpu
t line 86.


Package natbib Warning: Citation `Ko2008ANN' on page 2 undefined on input line 
86.


Package natbib Warning: Citation `Olatunji2011ANN' on page 2 undefined on input
 line 86.


Package natbib Warning: Citation `De2011ANN' on page 2 undefined on input line 
86.


Package natbib Warning: Citation `Chen2009GAa' on page 2 undefined on input lin
e 86.


Package natbib Warning: Citation `Chang2009GA' on page 2 undefined on input lin
e 86.


Package natbib Warning: Citation `Chen2009GAb' on page 2 undefined on input lin
e 86.


Package natbib Warning: Citation `Jiao2007GA' on page 2 undefined on input line
 86.


Package natbib Warning: Citation `Chen2010GA' on page 2 undefined on input line
 86.


Package natbib Warning: Citation `Bermudez2007fuzzy' on page 2 undefined on inp
ut line 86.


Package natbib Warning: Citation `Bilbao2006fuzzy' on page 2 undefined on input
 line 86.


Package natbib Warning: Citation `Fasanghari2010fuzzy' on page 2 undefined on i
nput line 86.


Package natbib Warning: Citation `Huang2008fuzzy' on page 2 undefined on input 
line 86.


Package natbib Warning: Citation `Tiryaki2005fuzzy' on page 2 undefined on inpu
t line 86.


Package natbib Warning: Citation `Xidonas2009' on page 2 undefined on input lin
e 88.


Package natbib Warning: Citation `Fasanghari2010fuzzy' on page 2 undefined on i
nput line 91.


Package natbib Warning: Citation `Rodriguez2012hesitant' on page 2 undefined on
 input line 97.


Package natbib Warning: Citation `Xidonas2009' on page 2 undefined on input lin
e 98.

[2]

LaTeX Warning: Reference `fig:F1' on page 3 undefined on input line 119.

File: Images/article_structure.jpg Graphic file (type QTm)
<use  "Images/article_structure.jpg" >

LaTeX Warning: `h' float specifier changed to `ht'.

[3] [4]

Package natbib Warning: Citation `Dempster1967' on page 5 undefined on input li
ne 171.


Package natbib Warning: Citation `Dempster1968' on page 5 undefined on input li
ne 171.


Package natbib Warning: Citation `Shafer1976' on page 5 undefined on input line
 171.

[5]

Package natbib Warning: Citation `jackson1986introduction' on page 6 undefined 
on input line 219.


Package natbib Warning: Citation `darlington2000essence' on page 6 undefined on
 input line 219.


Package natbib Warning: Citation `bellman1970decision' on page 6 undefined on i
nput line 219.


Package natbib Warning: Citation `kandel1991fuzzy' on page 6 undefined on input
 line 221.


LaTeX Warning: Reference `fig:F2' on page 6 undefined on input line 221.

[6]
File: Images/architecture_FES.png Graphic file (type QTm)
 <use  "Images/architecture_FES.png" >
LaTeX Font Info:    Try loading font information for OMS+cmr on input line 233.


("C:\Program Files\MiKTeX 2.9\tex\latex\base\omscmr.fd"
File: omscmr.fd 1999/05/25 v2.5h Standard LaTeX font definitions
)
LaTeX Font Info:    Font shape `OMS/cmr/m/n' in size <10> not available
(Font)              Font shape `OMS/cmsy/m/n' tried instead on input line 233.


Package natbib Warning: Citation `matthews2003formal' on page 7 undefined on in
put line 238.


Package natbib Warning: Citation `wang1999course' on page 7 undefined on input 
line 240.

[7]

LaTeX Warning: Reference `fig:F1' on page 8 undefined on input line 252.


LaTeX Warning: Reference `tab:Normalized_sample' on page 8 undefined on input l
ine 255.

Requested font "cmr9" at 9.0pt
 -> cmr9
Requested font "cmmi9" at 9.0pt
 -> cmmi9
Requested font "cmsy9" at 9.0pt
 -> cmsy9
Requested font "cmex9" at 9.0pt
 -> cmex9
Requested font "msam10" at 9.0pt
 -> msam10
Requested font "msbm10" at 9.0pt
 -> msbm10
Requested font "cmbx9" at 9.0pt
 -> cmbx9
[8]
Requested font "cmti7" at 7.0pt
 -> cmti7
Requested font "cmti7" at 5.0pt
 -> cmti7


LaTeX Warning: Reference `tab:BPA' on page 9 undefined on input line 325.

[9]
Overfull \hbox (14.73071pt too wide) in paragraph at lines 332--357
 [] 
 []


Overfull \hbox (4.01204pt too wide) in paragraph at lines 363--364
[]\OT1/cmr/m/n/10 IF P/B is \OT1/cmr/bx/n/10 Stan-dard \OT1/cmr/m/n/10 THEN Per
-for-mance will be \OT1/cmr/bx/n/10 Av-er-age \OT1/cmr/m/n/10 ($\OML/cmm/m/it/1
0 m[] [] \OT1/cmr/m/n/10 =
 []

[10]

LaTeX Warning: Reference `tab:MCF2' on page 11 undefined on input line 404.


LaTeX Warning: Reference `tab:MCF3' on page 11 undefined on input line 435.


LaTeX Warning: `h' float specifier changed to `ht'.

[11]

LaTeX Warning: Reference `tab:MFOUTPUT' on page 12 undefined on input line 478.



LaTeX Warning: Reference `fig:F3' on page 12 undefined on input line 497.


LaTeX Warning: Reference `fig:F4' on page 12 undefined on input line 497.

File: Images/Rule_base.jpg Graphic file (type QTm)
<use  "Images/Rule_base.jpg" >

LaTeX Warning: `h' float specifier changed to `ht'.

File: Images/Sensitive_analysis.jpg Graphic file (type QTm)
<use  "Images/Sensitive_analysis.jpg" >

LaTeX Warning: `h' float specifier changed to `ht'.

[12] [13]

Package natbib Warning: Citation `Ngai2003' on page 14 undefined on input line 
513.


LaTeX Warning: Reference `tab:Top_Stocks' on page 14 undefined on input line 52
2.

[14

] [15]

Package natbib Warning: Citation `Dorigo2006' on page 16 undefined on input lin
e 618.


Package natbib Warning: Citation `Deneubourg1990' on page 16 undefined on input
 line 618.


! LaTeX Error: Environment algorithm undefined.

See the LaTeX manual or LaTeX Companion for explanation.
Type  H <return>  for immediate help.
 ...                                              
                                                  
l.620 \begin{algorithm}
                       
Your command was ignored.
Type  I <command> <return>  to replace it with another command,
or  <return>  to continue without it.


! LaTeX Error: \caption outside float.

See the LaTeX manual or LaTeX Companion for explanation.
Type  H <return>  for immediate help.
 ...                                              
                                                  
l.621 \caption
              {ACO algorithm for portfolio optimization}
You're in trouble here.  Try typing  <return>  to proceed.
If that doesn't work, type  X <return>  to quit.


! LaTeX Error: Environment algorithmic undefined.

See the LaTeX manual or LaTeX Companion for explanation.
Type  H <return>  for immediate help.
 ...                                              
                                                  
l.623 \begin{algorithmic}
                         [1]
Your command was ignored.
Type  I <command> <return>  to replace it with another command,
or  <return>  to continue without it.

! Undefined control sequence.
l.624 \Procedure
                 {ACO-Portfolio}{}
The control sequence at the end of the top line
of your error message was never \def'ed. If you have
misspelled it (e.g., `\hobx'), type `I' and the correct
spelling (e.g., `I\hbox'). Otherwise just continue,
and I'll forget about whatever was undefined.

! Undefined control sequence.
l.625 \State
             Generate N random solution nodes based on Equation (19);
The control sequence at the end of the top line
of your error message was never \def'ed. If you have
misspelled it (e.g., `\hobx'), type `I' and the correct
spelling (e.g., `I\hbox'). Otherwise just continue,
and I'll forget about whatever was undefined.

! Undefined control sequence.
l.626 \State
             Initialization of the ACO;
The control sequence at the end of the top line
of your error message was never \def'ed. If you have
misspelled it (e.g., `\hobx'), type `I' and the correct
spelling (e.g., `I\hbox'). Otherwise just continue,
and I'll forget about whatever was undefined.

! Undefined control sequence.
l.627 \For
           {ITERATION=1 to I}
The control sequence at the end of the top line
of your error message was never \def'ed. If you have
misspelled it (e.g., `\hobx'), type `I' and the correct
spelling (e.g., `I\hbox'). Otherwise just continue,
and I'll forget about whatever was undefined.

! Undefined control sequence.
l.628 \For
           {ANT=1 to $\Gamma$}
The control sequence at the end of the top line
of your error message was never \def'ed. If you have
misspelled it (e.g., `\hobx'), type `I' and the correct
spelling (e.g., `I\hbox'). Otherwise just continue,
and I'll forget about whatever was undefined.

! Undefined control sequence.
l.629 \State
             Select the start node randomly;
The control sequence at the end of the top line
of your error message was never \def'ed. If you have
misspelled it (e.g., `\hobx'), type `I' and the correct
spelling (e.g., `I\hbox'). Otherwise just continue,
and I'll forget about whatever was undefined.

! Undefined control sequence.
l.630 \For
           {LIFETIME=2 to L}
The control sequence at the end of the top line
of your error message was never \def'ed. If you have
misspelled it (e.g., `\hobx'), type `I' and the correct
spelling (e.g., `I\hbox'). Otherwise just continue,
and I'll forget about whatever was undefined.

! Undefined control sequence.
l.631 \State
             \begin{varwidth}[t]{10cm}
The control sequence at the end of the top line
of your error message was never \def'ed. If you have
misspelled it (e.g., `\hobx'), type `I' and the correct
spelling (e.g., `I\hbox'). Otherwise just continue,
and I'll forget about whatever was undefined.


Underfull \hbox (badness 10000) in paragraph at lines 632--633

 []


Underfull \hbox (badness 10000) detected at line 633

 []

! Undefined control sequence.
l.634 \State
             Update pheromone on the selected path;
The control sequence at the end of the top line
of your error message was never \def'ed. If you have
misspelled it (e.g., `\hobx'), type `I' and the correct
spelling (e.g., `I\hbox'). Otherwise just continue,
and I'll forget about whatever was undefined.

! Undefined control sequence.
l.635 \EndFor
             
The control sequence at the end of the top line
of your error message was never \def'ed. If you have
misspelled it (e.g., `\hobx'), type `I' and the correct
spelling (e.g., `I\hbox'). Otherwise just continue,
and I'll forget about whatever was undefined.

! Undefined control sequence.
l.636 \State
             Store the details of the final node reached by each ants;
The control sequence at the end of the top line
of your error message was never \def'ed. If you have
misspelled it (e.g., `\hobx'), type `I' and the correct
spelling (e.g., `I\hbox'). Otherwise just continue,
and I'll forget about whatever was undefined.

! Undefined control sequence.
l.637 \EndFor
             
The control sequence at the end of the top line
of your error message was never \def'ed. If you have
misspelled it (e.g., `\hobx'), type `I' and the correct
spelling (e.g., `I\hbox'). Otherwise just continue,
and I'll forget about whatever was undefined.

! Undefined control sequence.
l.638 \State
            
The control sequence at the end of the top line
of your error message was never \def'ed. If you have
misspelled it (e.g., `\hobx'), type `I' and the correct
spelling (e.g., `I\hbox'). Otherwise just continue,
and I'll forget about whatever was undefined.


Underfull \hbox (badness 10000) in paragraph at lines 640--641

 []


Underfull \hbox (badness 10000) detected at line 641

 []


Overfull \hbox (8.69513pt too wide) in paragraph at lines 621--642
[] \OT1/cmr/m/n/10 Up-date pheromone
 []

! Undefined control sequence.
l.643 \State
            
The control sequence at the end of the top line
of your error message was never \def'ed. If you have
misspelled it (e.g., `\hobx'), type `I' and the correct
spelling (e.g., `I\hbox'). Otherwise just continue,
and I'll forget about whatever was undefined.


Underfull \hbox (badness 10000) in paragraph at lines 645--646

 []


Underfull \hbox (badness 10000) detected at line 646

 []

! Undefined control sequence.
l.647 \State
             Evaporate the pheromone from all paths.
The control sequence at the end of the top line
of your error message was never \def'ed. If you have
misspelled it (e.g., `\hobx'), type `I' and the correct
spelling (e.g., `I\hbox'). Otherwise just continue,
and I'll forget about whatever was undefined.

! Undefined control sequence.
l.648 \EndFor
             
The control sequence at the end of the top line
of your error message was never \def'ed. If you have
misspelled it (e.g., `\hobx'), type `I' and the correct
spelling (e.g., `I\hbox'). Otherwise just continue,
and I'll forget about whatever was undefined.


Overfull \hbox (7.77838pt too wide) in paragraph at lines 644--649
[][] \OT1/cmr/m/n/10 Evap-o-rate
 []

! Undefined control sequence.
l.650 \EndProcedure
                   
The control sequence at the end of the top line
of your error message was never \def'ed. If you have
misspelled it (e.g., `\hobx'), type `I' and the correct
spelling (e.g., `I\hbox'). Otherwise just continue,
and I'll forget about whatever was undefined.


! LaTeX Error: \begin{document} ended by \end{algorithmic}.

See the LaTeX manual or LaTeX Companion for explanation.
Type  H <return>  for immediate help.
 ...                                              
                                                  
l.651 \end{algorithmic}
                       
Your command was ignored.
Type  I <command> <return>  to replace it with another command,
or  <return>  to continue without it.


! LaTeX Error: \begin{document} ended by \end{algorithm}.

See the LaTeX manual or LaTeX Companion for explanation.
Type  H <return>  for immediate help.
 ...                                              
                                                  
l.652 \end{algorithm}
                     
Your command was ignored.
Type  I <command> <return>  to replace it with another command,
or  <return>  to continue without it.


LaTeX Warning: Reference `tab:ER_V_Sk_S' on page 16 undefined on input line 656
.

\c@theorem=\count116

Package natbib Warning: Citation `Bhattacharyya2013' on page 16 undefined on in
put line 659.

[16]
Overfull \hbox (21.44064pt too wide) in paragraph at lines 679--705
 [] 
 []


LaTeX Warning: Reference `tab:Ratio_allocation' on page 17 undefined on input l
ine 710.


Overfull \hbox (6.12617pt too wide) in paragraph at lines 723--723
 \OT1/cmr/m/n/9 Pharma. 
 []


Overfull \hbox (3.84772pt too wide) in paragraph at lines 724--724
 \OT1/cmr/m/n/9 Reddy's 
 []


Overfull \hbox (4.35472pt too wide) in paragraph at lines 726--726
 []|\OT1/cmr/m/n/9 0.1970| 
 []


Overfull \hbox (4.35472pt too wide) in paragraph at lines 726--726
 []|\OT1/cmr/m/n/9 0.0574| 
 []


Overfull \hbox (4.35472pt too wide) in paragraph at lines 726--727
 []|\OT1/cmr/m/n/9 0.0255| 
 []


Overfull \hbox (56.81418pt too wide) in paragraph at lines 717--729
 [] 
 []


LaTeX Warning: Reference `fig:F5' on page 17 undefined on input line 732.


LaTeX Warning: Reference `fig:F6' on page 17 undefined on input line 733.

File: Images/F5.eps Graphic file (type eps)
<Images/F5.eps>

LaTeX Warning: `h' float specifier changed to `ht'.

File: Images/ant_acu.eps Graphic file (type eps)
<Images/ant_acu.eps>

LaTeX Warning: `h' float specifier changed to `ht'.

[17] [18]

LaTeX Warning: Reference `tab:rank_comparison' on page 19 undefined on input li
ne 752.

[19

]

LaTeX Warning: Reference `fig:F7' on page 20 undefined on input line 793.

File: Images/Comparison.jpg Graphic file (type QTm)
<use  "Images/Comparison.jpg" >
No file Portfolio.bbl.

Package natbib Warning: There were undefined citations.

[20]
("D:\Research\Research\Research documents\Fuzzy Expert System for Portfolio\Usi
ng DS Theory\Fuzzy DS Theory\World Scientific Journals\IJUFKS\Portfolio.aux")

LaTeX Warning: There were undefined references.


LaTeX Warning: Label(s) may have changed. Rerun to get cross-references right.

 ) 
Here is how much of TeX's memory you used:
 3378 strings out of 429156
 40993 string characters out of 3168943
 110482 words of memory out of 3000000
 6575 multiletter control sequences out of 15000+200000
 13646 words of font info for 51 fonts, out of 3000000 for 9000
 786 hyphenation exceptions out of 8191
 33i,16n,30p,1796b,301s stack positions out of 5000i,500n,10000p,200000b,50000s

Output written on Portfolio.pdf (20 pages).
